<?xml version="1.0" encoding="UTF-8"?>
<Site BuildName="Win32-MSBuild"
	BuildStamp="20241217-0605-Experimental"
	Name="Bogdan-Laptop"
	Generator="ctest-3.31.2"
	CompilerName="C:/Program Files/Microsoft Visual Studio/2022/Community/VC/Tools/MSVC/14.42.34433/bin/Hostx64/x64/cl.exe"
	CompilerVersion="19.42.34435.0"
	OSName="Windows"
	Hostname="Bogdan-Laptop"
	OSRelease=" Professional"
	OSVersion=" (Build 26100)"
	OSPlatform="AMD64"
	Is64Bits="1"
	VendorString="GenuineIntel"
	VendorID="Intel Corporation"
	FamilyID="6"
	ModelID="10"
	ModelName=""
	ProcessorCacheSize="-1"
	NumberOfLogicalCPU="20"
	NumberOfPhysicalCPU="14"
	TotalVirtualMemory="17093"
	TotalPhysicalMemory="16069"
	LogicalProcessorsPerPhysical="1"
	ProcessorClockFrequency="2688"
	>
	<Testing>
		<StartDateTime>Dec 17 08:52 GTB Standard Time</StartDateTime>
		<StartTestTime>1734418326</StartTestTime>
		<TestList/>
		<EndDateTime>Dec 17 08:52 GTB Standard Time</EndDateTime>
		<EndTestTime>1734418326</EndTestTime>
		<ElapsedMinutes>0</ElapsedMinutes>
	</Testing>
</Site>
